2021-03-15 12:43:17.831  INFO 9504 --- [main] d.DaoAuthenicateApplication              : Starting DaoAuthenicateApplication using Java 1.8.0_271 on DESKTOP-VV4K5DJ with PID 9504 (C:\Users\sridh\Desktop\DaoAuthenicate\target\classes started by sridh in C:\Users\sridh\Desktop\DaoAuthenicate)
2021-03-15 12:43:17.834  INFO 9504 --- [main] d.DaoAuthenicateApplication              : No active profile set, falling back to default profiles: default
2021-03-15 12:43:18.381  INFO 9504 --- [main] .s.d.r.c.RepositoryConfigurationDelegate : Bootstrapping Spring Data JPA repositories in DEFAULT mode.
2021-03-15 12:43:18.433  INFO 9504 --- [main] .s.d.r.c.RepositoryConfigurationDelegate : Finished Spring Data repository scanning in 40 ms. Found 1 JPA repository interfaces.
2021-03-15 12:43:19.039  INFO 9504 --- [main] o.s.b.w.embedded.tomcat.TomcatWebServer  : Tomcat initialized with port(s): 8080 (http)
2021-03-15 12:43:19.046  INFO 9504 --- [main] o.apache.catalina.core.StandardService   : Starting service [Tomcat]
2021-03-15 12:43:19.047  INFO 9504 --- [main] org.apache.catalina.core.StandardEngine  : Starting Servlet engine: [Apache Tomcat/9.0.41]
2021-03-15 12:43:19.121  INFO 9504 --- [main] o.a.c.c.C.[Tomcat].[localhost].[/]       : Initializing Spring embedded WebApplicationContext
2021-03-15 12:43:19.121  INFO 9504 --- [main] w.s.c.ServletWebServerApplicationContext : Root WebApplicationContext: initialization completed in 1247 ms
2021-03-15 12:43:19.403  INFO 9504 --- [main] com.zaxxer.hikari.HikariDataSource       : HikariPool-1 - Starting...
2021-03-15 12:43:19.926  INFO 9504 --- [main] com.zaxxer.hikari.HikariDataSource       : HikariPool-1 - Start completed.
2021-03-15 12:43:19.987  INFO 9504 --- [main] o.hibernate.jpa.internal.util.LogHelper  : HHH000204: Processing PersistenceUnitInfo [name: default]
2021-03-15 12:43:20.079  INFO 9504 --- [main] org.hibernate.Version                    : HHH000412: Hibernate ORM core version 5.4.27.Final
2021-03-15 12:43:20.337  INFO 9504 --- [main] o.hibernate.annotations.common.Version   : HCANN000001: Hibernate Commons Annotations {5.1.2.Final}
2021-03-15 12:43:20.612  INFO 9504 --- [main] org.hibernate.dialect.Dialect            : HHH000400: Using dialect: org.hibernate.dialect.Oracle12cDialect
2021-03-15 12:43:21.805  INFO 9504 --- [main] o.h.e.t.j.p.i.JtaPlatformInitiator       : HHH000490: Using JtaPlatform implementation: [org.hibernate.engine.transaction.jta.platform.internal.NoJtaPlatform]
2021-03-15 12:43:21.819  INFO 9504 --- [main] j.LocalContainerEntityManagerFactoryBean : Initialized JPA EntityManagerFactory for persistence unit 'default'
2021-03-15 12:43:21.887  WARN 9504 --- [main] JpaBaseConfiguration$JpaWebConfiguration : spring.jpa.open-in-view is enabled by default. Therefore, database queries may be performed during view rendering. Explicitly configure spring.jpa.open-in-view to disable this warning
2021-03-15 12:43:22.722  INFO 9504 --- [main] o.s.s.web.DefaultSecurityFilterChain     : Will secure any request with [org.springframework.security.web.context.request.async.WebAsyncManagerIntegrationFilter@bcfe29c, org.springframework.security.web.context.SecurityContextPersistenceFilter@7b3c2ae0, org.springframework.security.web.header.HeaderWriterFilter@61c4cebd, org.springframework.security.web.authentication.logout.LogoutFilter@36871e98, org.springframework.security.web.authentication.UsernamePasswordAuthenticationFilter@579f3c8e, org.springframework.security.web.savedrequest.RequestCacheAwareFilter@41059616, org.springframework.security.web.servletapi.SecurityContextHolderAwareRequestFilter@65f5cae3, org.springframework.security.web.authentication.AnonymousAuthenticationFilter@37f71c05, org.springframework.security.web.session.SessionManagementFilter@716ae973, org.springframework.security.web.access.ExceptionTranslationFilter@27dfd12b, org.springframework.security.web.access.intercept.FilterSecurityInterceptor@6200b644]
2021-03-15 12:43:22.872  INFO 9504 --- [main] o.s.s.concurrent.ThreadPoolTaskExecutor  : Initializing ExecutorService 'applicationTaskExecutor'
2021-03-15 12:43:23.205  INFO 9504 --- [main] o.s.b.w.embedded.tomcat.TomcatWebServer  : Tomcat started on port(s): 8080 (http) with context path ''
2021-03-15 12:43:23.217  INFO 9504 --- [main] d.DaoAuthenicateApplication              : Started DaoAuthenicateApplication in 5.701 seconds (JVM running for 6.315)
2021-03-15 12:47:34.262  INFO 9504 --- [http-nio-8080-exec-2] o.a.c.c.C.[Tomcat].[localhost].[/]       : Initializing Spring DispatcherServlet 'dispatcherServlet'
2021-03-15 12:47:34.262  INFO 9504 --- [http-nio-8080-exec-2] o.s.web.servlet.DispatcherServlet        : Initializing Servlet 'dispatcherServlet'
2021-03-15 12:47:34.267  INFO 9504 --- [http-nio-8080-exec-2] o.s.web.servlet.DispatcherServlet        : Completed initialization in 5 ms
2021-03-15 13:56:07.150  INFO 9504 --- [RMI TCP Connection(76)-127.0.0.1] inMXBeanRegistrar$SpringApplicationAdmin : Application shutdown requested.
2021-03-15 13:56:07.276  INFO 9504 --- [RMI TCP Connection(76)-127.0.0.1] o.s.s.concurrent.ThreadPoolTaskExecutor  : Shutting down ExecutorService 'applicationTaskExecutor'
2021-03-15 13:56:07.277  INFO 9504 --- [RMI TCP Connection(76)-127.0.0.1] j.LocalContainerEntityManagerFactoryBean : Closing JPA EntityManagerFactory for persistence unit 'default'
2021-03-15 13:56:07.280  INFO 9504 --- [RMI TCP Connection(76)-127.0.0.1] com.zaxxer.hikari.HikariDataSource       : HikariPool-1 - Shutdown initiated...
2021-03-15 13:56:07.289  INFO 9504 --- [RMI TCP Connection(76)-127.0.0.1] com.zaxxer.hikari.HikariDataSource       : HikariPool-1 - Shutdown completed.
